Added Pin To Net: NetName=GND Pin=U1-A1
Added Pin To Net: NetName=GND Pin=U1-A14
Added Pin To Net: NetName=GND Pin=U1-A18
Added Pin To Net: NetName=GND Pin=U1-A19
Added Pin To Net: NetName=GND Pin=U1-A22
Added Pin To Net: NetName=GND Pin=U1-AA4
Added Pin To Net: NetName=GND Pin=U1-AA13
Added Pin To Net: NetName=GND Pin=U1-AA16
Added Pin To Net: NetName=GND Pin=U1-AA18
Added Pin To Net: NetName=GND Pin=U1-AB1
Added Pin To Net: NetName=GND Pin=U1-AB12
Added Pin To Net: NetName=GND Pin=U1-AB13
Added Pin To Net: NetName=GND Pin=U1-AB16
Added Pin To Net: NetName=GND Pin=U1-AB17
Added Pin To Net: NetName=GND Pin=U1-AB18
Added Pin To Net: NetName=GND Pin=U1-AB22
Added Pin To Net: NetName=GND Pin=U1-B2
Added Pin To Net: NetName=GND Pin=U1-B14
Added Pin To Net: NetName=GND Pin=U1-B18
Added Pin To Net: NetName=GND Pin=U1-B19
Added Pin To Net: NetName=GND Pin=U1-C3
Added Pin To Net: NetName=GND Pin=U1-C8
Added Pin To Net: NetName=GND Pin=U1-C11
Added Pin To Net: NetName=GND Pin=U1-C14
Added Pin To Net: NetName=GND Pin=U1-C15
Added Pin To Net: NetName=GND Pin=U1-C16
Added Pin To Net: NetName=GND Pin=U1-C17
Added Pin To Net: NetName=GND Pin=U1-C18
Added Pin To Net: NetName=GND Pin=U1-C19
Added Pin To Net: NetName=GND Pin=U1-C20
Added Pin To Net: NetName=GND Pin=U1-D4
Added Pin To Net: NetName=GND Pin=U1-D18
Added Pin To Net: NetName=GND Pin=U1-D19
Added Pin To Net: NetName=GND Pin=U1-E5
Added Pin To Net: NetName=GND Pin=U1-E18
Added Pin To Net: NetName=GND Pin=U1-E19
Added Pin To Net: NetName=GND Pin=U1-F6
Added Pin To Net: NetName=GND Pin=U1-F7
Added Pin To Net: NetName=GND Pin=U1-F8
Added Pin To Net: NetName=GND Pin=U1-F16
Added Pin To Net: NetName=GND Pin=U1-F17
Added Pin To Net: NetName=GND Pin=U1-F20
Added Pin To Net: NetName=GND Pin=U1-G4
Added Pin To Net: NetName=GND Pin=U1-G6
Added Pin To Net: NetName=GND Pin=U1-G8
Added Pin To Net: NetName=GND Pin=U1-G10
Added Pin To Net: NetName=GND Pin=U1-G12
Added Pin To Net: NetName=GND Pin=U1-G14
Added Pin To Net: NetName=GND Pin=U1-G16
Added Pin To Net: NetName=GND Pin=U1-G17
Added Pin To Net: NetName=GND Pin=U1-H7
Added Pin To Net: NetName=GND Pin=U1-H9
Added Pin To Net: NetName=GND Pin=U1-H11
Added Pin To Net: NetName=GND Pin=U1-H13
Added Pin To Net: NetName=GND Pin=U1-H15
Added Pin To Net: NetName=GND Pin=U1-H17
Added Pin To Net: NetName=GND Pin=U1-J8
Added Pin To Net: NetName=GND Pin=U1-J9
Added Pin To Net: NetName=GND Pin=U1-J10
Added Pin To Net: NetName=GND Pin=U1-J11
Added Pin To Net: NetName=GND Pin=U1-J12
Added Pin To Net: NetName=GND Pin=U1-J13
Added Pin To Net: NetName=GND Pin=U1-J14
Added Pin To Net: NetName=GND Pin=U1-J16
Added Pin To Net: NetName=GND Pin=U1-J17
Added Pin To Net: NetName=GND Pin=U1-J20
Added Pin To Net: NetName=GND Pin=U1-K3
Added Pin To Net: NetName=GND Pin=U1-K7
Added Pin To Net: NetName=GND Pin=U1-K9
Added Pin To Net: NetName=GND Pin=U1-K10
Added Pin To Net: NetName=GND Pin=U1-K11
Added Pin To Net: NetName=GND Pin=U1-K12
Added Pin To Net: NetName=GND Pin=U1-K13
Added Pin To Net: NetName=GND Pin=U1-K14
Added Pin To Net: NetName=GND Pin=U1-K15
Added Pin To Net: NetName=GND Pin=U1-K17
Added Pin To Net: NetName=GND Pin=U1-L8
Added Pin To Net: NetName=GND Pin=U1-L9
Added Pin To Net: NetName=GND Pin=U1-L10
Added Pin To Net: NetName=GND Pin=U1-L11
Added Pin To Net: NetName=GND Pin=U1-L12
Added Pin To Net: NetName=GND Pin=U1-L13
Added Pin To Net: NetName=GND Pin=U1-L14
Added Pin To Net: NetName=GND Pin=U1-L16
Added Pin To Net: NetName=GND Pin=U1-L17
Added Pin To Net: NetName=GND Pin=U1-L19
Added Pin To Net: NetName=GND Pin=U1-L20
Added Pin To Net: NetName=GND Pin=U1-M4
Added Pin To Net: NetName=GND Pin=U1-M5
Added Pin To Net: NetName=GND Pin=U1-M6
Added Pin To Net: NetName=GND Pin=U1-M7
Added Pin To Net: NetName=GND Pin=U1-M9
Added Pin To Net: NetName=GND Pin=U1-M10
Added Pin To Net: NetName=GND Pin=U1-M11
Added Pin To Net: NetName=GND Pin=U1-M12
Added Pin To Net: NetName=GND Pin=U1-M13
Added Pin To Net: NetName=GND Pin=U1-M14
Added Pin To Net: NetName=GND Pin=U1-M15
Added Pin To Net: NetName=GND Pin=U1-M17
Added Pin To Net: NetName=GND Pin=U1-N5
Added Pin To Net: NetName=GND Pin=U1-N6
Added Pin To Net: NetName=GND Pin=U1-N8
Added Pin To Net: NetName=GND Pin=U1-N9
Added Pin To Net: NetName=GND Pin=U1-N10
Added Pin To Net: NetName=GND Pin=U1-N11
Added Pin To Net: NetName=GND Pin=U1-N12
Added Pin To Net: NetName=GND Pin=U1-N13
Added Pin To Net: NetName=GND Pin=U1-N14
Added Pin To Net: NetName=GND Pin=U1-N16
Added Pin To Net: NetName=GND Pin=U1-N17
Added Pin To Net: NetName=GND Pin=U1-P3
Added Pin To Net: NetName=GND Pin=U1-P5
Added Pin To Net: NetName=GND Pin=U1-P6
Added Pin To Net: NetName=GND Pin=U1-P7
Added Pin To Net: NetName=GND Pin=U1-P9
Added Pin To Net: NetName=GND Pin=U1-P10
Added Pin To Net: NetName=GND Pin=U1-P11
Added Pin To Net: NetName=GND Pin=U1-P12
Added Pin To Net: NetName=GND Pin=U1-P13
Added Pin To Net: NetName=GND Pin=U1-P14
Added Pin To Net: NetName=GND Pin=U1-P15
Added Pin To Net: NetName=GND Pin=U1-P17
Added Pin To Net: NetName=GND Pin=U1-P20
Added Pin To Net: NetName=GND Pin=U1-R5
Added Pin To Net: NetName=GND Pin=U1-R6
Added Pin To Net: NetName=GND Pin=U1-R8
Added Pin To Net: NetName=GND Pin=U1-R10
Added Pin To Net: NetName=GND Pin=U1-R12
Added Pin To Net: NetName=GND Pin=U1-R14
Added Pin To Net: NetName=GND Pin=U1-R16
Added Pin To Net: NetName=GND Pin=U1-R17
Added Pin To Net: NetName=GND Pin=U1-T6
Added Pin To Net: NetName=GND Pin=U1-T7
Added Pin To Net: NetName=GND Pin=U1-T9
Added Pin To Net: NetName=GND Pin=U1-T11
Added Pin To Net: NetName=GND Pin=U1-T13
Added Pin To Net: NetName=GND Pin=U1-T15
Added Pin To Net: NetName=GND Pin=U1-T17
Added Pin To Net: NetName=GND Pin=U1-T19
Added Pin To Net: NetName=GND Pin=U1-U6
Added Pin To Net: NetName=GND Pin=U1-U7
Added Pin To Net: NetName=GND Pin=U1-U9
Added Pin To Net: NetName=GND Pin=U1-U12
Added Pin To Net: NetName=GND Pin=U1-U13
Added Pin To Net: NetName=GND Pin=U1-U14
Added Pin To Net: NetName=GND Pin=U1-U15
Added Pin To Net: NetName=GND Pin=U1-U16
Added Pin To Net: NetName=GND Pin=U1-U17
Added Pin To Net: NetName=GND Pin=U1-U20
Added Pin To Net: NetName=GND Pin=U1-V5
Added Pin To Net: NetName=GND Pin=U1-V16
Added Pin To Net: NetName=GND Pin=U1-V17
Added Pin To Net: NetName=GND Pin=U1-V18
Added Pin To Net: NetName=GND Pin=U1-V19
Added Pin To Net: NetName=GND Pin=U1-W17
Added Pin To Net: NetName=GND Pin=U1-W18
Added Pin To Net: NetName=GND Pin=U1-W19
Added Pin To Net: NetName=GND Pin=U1-Y3
Added Pin To Net: NetName=GND Pin=U1-Y7
Added Pin To Net: NetName=GND Pin=U1-Y10
Added Pin To Net: NetName=GND Pin=U1-Y13
Added Pin To Net: NetName=GND Pin=U1-Y14
Added Pin To Net: NetName=GND Pin=U1-Y15
Added Pin To Net: NetName=GND Pin=U1-Y18
Added Pin To Net: NetName=GND Pin=U1-Y19
Added Pin To Net: NetName=GND Pin=U1-Y20
Added Net: Name=GND
Added Member To Class: ClassName=DDR Member=Component U? NT5CC256M16EP-EKI
